# JRE version: OpenJDK Runtime Environment Temurin-21.0.8+9 (21.0.8+9) (build 21.0.8+9-LTS)
# Java VM: OpenJDK 64-Bit Server VM Temurin-21.0.8+9 (21.0.8+9-LTS, mixed mode, sharing, tiered, compressed oops, compressed class ptrs, parallel gc, windows-amd64)
GC Precious Log:
 CardTable entry size: 512
 CPUs: 12 total, 12 available
 Memory: 16068M
 Large Page Support: Disabled
 NUMA Support: Disabled
 Compressed Oops: Enabled (32-bit)
 Alignments: Space 512K, Generation 512K, Heap 2M
 Heap Min Capacity: 100M
 Heap Initial Capacity: 100M
 Heap Max Capacity: 2G
 Pre-touch: Disabled
 Parallel Workers: 10
Heap:
 PSYoungGen      total 4096K, used 3379K [0x00000000d5580000, 0x00000000d5a80000, 0x0000000100000000)
  eden space 3072K, 84% used [0x00000000d5580000,0x00000000d5805af8,0x00000000d5880000)
  from space 1024K, 77% used [0x00000000d5880000,0x00000000d5947348,0x00000000d5980000)
  to   space 1024K, 0% used [0x00000000d5980000,0x00000000d5980000,0x00000000d5a80000)
 ParOldGen       total 201216K, used 201215K [0x0000000080000000, 0x000000008c480000, 0x00000000d5580000)
  object space 201216K, 99% used [0x0000000080000000,0x000000008c47fd20,0x000000008c480000)
 Metaspace       used 60749K, committed 62080K, reserved 1114112K
  class space    used 6579K, committed 7168K, reserved 1048576K
GC Heap History (20 events):
Event: 33.206 GC heap before
{Heap before GC invocations=189 (full 3):
 PSYoungGen      total 4096K, used 3840K [0x00000000d5580000, 0x00000000d5a80000, 0x0000000100000000)
  eden space 3072K, 100% used [0x00000000d5580000,0x00000000d5880000,0x00000000d5880000)
  from space 1024K, 75% used [0x00000000d5880000,0x00000000d5940338,0x00000000d5980000)
  to   space 1024K, 0% used [0x00000000d5980000,0x00000000d5980000,0x00000000d5a80000)
 ParOldGen       total 196096K, used 192496K [0x0000000080000000, 0x000000008bf80000, 0x00000000d5580000)
  object space 196096K, 98% used [0x0000000080000000,0x000000008bbfc080,0x000000008bf80000)
 Metaspace       used 60539K, committed 61888K, reserved 1114112K
  class space    used 6563K, committed 7168K, reserved 1048576K
}
Event: 33.209 GC heap after
{Heap after GC invocations=189 (full 3):
 PSYoungGen      total 4096K, used 624K [0x00000000d5580000, 0x00000000d5a80000, 0x0000000100000000)
  eden space 3072K, 0% used [0x00000000d5580000,0x00000000d5580000,0x00000000d5880000)
  from space 1024K, 61% used [0x00000000d5980000,0x00000000d5a1c2a0,0x00000000d5a80000)
  to   space 1024K, 0% used [0x00000000d5880000,0x00000000d5880000,0x00000000d5980000)
 ParOldGen       total 196096K, used 193117K [0x0000000080000000, 0x000000008bf80000, 0x00000000d5580000)
  object space 196096K, 98% used [0x0000000080000000,0x000000008bc97650,0x000000008bf80000)
 Metaspace       used 60539K, committed 61888K, reserved 1114112K
  class space    used 6563K, committed 7168K, reserved 1048576K
}
Event: 33.220 GC heap before
{Heap before GC invocations=190 (full 3):
 PSYoungGen      total 4096K, used 3696K [0x00000000d5580000, 0x00000000d5a80000, 0x0000000100000000)
  eden space 3072K, 100% used [0x00000000d5580000,0x00000000d5880000,0x00000000d5880000)
  from space 1024K, 61% used [0x00000000d5980000,0x00000000d5a1c2a0,0x00000000d5a80000)
  to   space 1024K, 0% used [0x00000000d5880000,0x00000000d5880000,0x00000000d5980000)
 ParOldGen       total 196096K, used 193117K [0x0000000080000000, 0x000000008bf80000, 0x00000000d5580000)
  object space 196096K, 98% used [0x0000000080000000,0x000000008bc97650,0x000000008bf80000)
 Metaspace       used 60542K, committed 61888K, reserved 1114112K
  class space    used 6563K, committed 7168K, reserved 1048576K
}
Event: 33.222 GC heap after
{Heap after GC invocations=190 (full 3):
 PSYoungGen      total 4096K, used 732K [0x00000000d5580000, 0x00000000d5a80000, 0x0000000100000000)
  eden space 3072K, 0% used [0x00000000d5580000,0x00000000d5580000,0x00000000d5880000)
  from space 1024K, 71% used [0x00000000d5880000,0x00000000d5937390,0x00000000d5980000)
  to   space 1024K, 0% used [0x00000000d5980000,0x00000000d5980000,0x00000000d5a80000)
 ParOldGen       total 196096K, used 193650K [0x0000000080000000, 0x000000008bf80000, 0x00000000d5580000)
  object space 196096K, 98% used [0x0000000080000000,0x000000008bd1cbd8,0x000000008bf80000)
 Metaspace       used 60542K, committed 61888K, reserved 1114112K
  class space    used 6563K, committed 7168K, reserved 1048576K
}
Event: 33.231 GC heap before
{Heap before GC invocations=191 (full 3):
 PSYoungGen      total 4096K, used 3735K [0x00000000d5580000, 0x00000000d5a80000, 0x0000000100000000)
  eden space 3072K, 97% used [0x00000000d5580000,0x00000000d586eaf0,0x00000000d5880000)
  from space 1024K, 71% used [0x00000000d5880000,0x00000000d5937390,0x00000000d5980000)
  to   space 1024K, 0% used [0x00000000d5980000,0x00000000d5980000,0x00000000d5a80000)
 ParOldGen       total 196096K, used 193650K [0x0000000080000000, 0x000000008bf80000, 0x00000000d5580000)
  object space 196096K, 98% used [0x0000000080000000,0x000000008bd1cbd8,0x000000008bf80000)
 Metaspace       used 60542K, committed 61888K, reserved 1114112K
  class space    used 6563K, committed 7168K, reserved 1048576K
}
Event: 33.232 GC heap after
{Heap after GC invocations=191 (full 3):
 PSYoungGen      total 4096K, used 880K [0x00000000d5580000, 0x00000000d5a80000, 0x0000000100000000)
  eden space 3072K, 0% used [0x00000000d5580000,0x00000000d5580000,0x00000000d5880000)
  from space 1024K, 85% used [0x00000000d5980000,0x00000000d5a5c038,0x00000000d5a80000)
  to   space 1024K, 0% used [0x00000000d5880000,0x00000000d5880000,0x00000000d5980000)
 ParOldGen       total 196096K, used 194246K [0x0000000080000000, 0x000000008bf80000, 0x00000000d5580000)
  object space 196096K, 99% used [0x0000000080000000,0x000000008bdb1bb8,0x000000008bf80000)
 Metaspace       used 60542K, committed 61888K, reserved 1114112K
  class space    used 6563K, committed 7168K, reserved 1048576K
}
Event: 33.244 GC heap before
{Heap before GC invocations=192 (full 3):
 PSYoungGen      total 4096K, used 3952K [0x00000000d5580000, 0x00000000d5a80000, 0x0000000100000000)
  eden space 3072K, 100% used [0x00000000d5580000,0x00000000d5880000,0x00000000d5880000)
  from space 1024K, 85% used [0x00000000d5980000,0x00000000d5a5c038,0x00000000d5a80000)
  to   space 1024K, 0% used [0x00000000d5880000,0x00000000d5880000,0x00000000d5980000)
 ParOldGen       total 196096K, used 194246K [0x0000000080000000, 0x000000008bf80000, 0x00000000d5580000)
  object space 196096K, 99% used [0x0000000080000000,0x000000008bdb1bb8,0x000000008bf80000)
 Metaspace       used 60542K, committed 61888K, reserved 1114112K
  class space    used 6563K, committed 7168K, reserved 1048576K
}
Event: 33.245 GC heap after
{Heap after GC invocations=192 (full 3):
 PSYoungGen      total 4096K, used 1021K [0x00000000d5580000, 0x00000000d5c80000, 0x0000000100000000)
  eden space 3072K, 0% used [0x00000000d5580000,0x00000000d5580000,0x00000000d5880000)
  from space 1024K, 99% used [0x00000000d5880000,0x00000000d597f5c8,0x00000000d5980000)
  to   space 2048K, 0% used [0x00000000d5a80000,0x00000000d5a80000,0x00000000d5c80000)
 ParOldGen       total 196096K, used 194888K [0x0000000080000000, 0x000000008bf80000, 0x00000000d5580000)
  object space 196096K, 99% used [0x0000000080000000,0x000000008be52160,0x000000008bf80000)
 Metaspace       used 60542K, committed 61888K, reserved 1114112K
  class space    used 6563K, committed 7168K, reserved 1048576K
}
Event: 33.256 GC heap before
{Heap before GC invocations=193 (full 3):
 PSYoungGen      total 4096K, used 4093K [0x00000000d5580000, 0x00000000d5c80000, 0x0000000100000000)
  eden space 3072K, 100% used [0x00000000d5580000,0x00000000d5880000,0x00000000d5880000)
  from space 1024K, 99% used [0x00000000d5880000,0x00000000d597f5c8,0x00000000d5980000)
  to   space 2048K, 0% used [0x00000000d5a80000,0x00000000d5a80000,0x00000000d5c80000)
 ParOldGen       total 196096K, used 194888K [0x0000000080000000, 0x000000008bf80000, 0x00000000d5580000)
  object space 196096K, 99% used [0x0000000080000000,0x000000008be52160,0x000000008bf80000)
 Metaspace       used 60544K, committed 61888K, reserved 1114112K
  class space    used 6563K, committed 7168K, reserved 1048576K
}
Event: 33.258 GC heap after
{Heap after GC invocations=193 (full 3):
 PSYoungGen      total 4608K, used 1031K [0x00000000d5580000, 0x00000000d5c00000, 0x0000000100000000)
  eden space 3072K, 0% used [0x00000000d5580000,0x00000000d5580000,0x00000000d5880000)
  from space 1536K, 67% used [0x00000000d5a80000,0x00000000d5b81c58,0x00000000d5c00000)
  to   space 1536K, 0% used [0x00000000d5900000,0x00000000d5900000,0x00000000d5a80000)
 ParOldGen       total 196096K, used 195891K [0x0000000080000000, 0x000000008bf80000, 0x00000000d5580000)
  object space 196096K, 99% used [0x0000000080000000,0x000000008bf4cd50,0x000000008bf80000)
 Metaspace       used 60544K, committed 61888K, reserved 1114112K
  class space    used 6563K, committed 7168K, reserved 1048576K
}
Event: 33.264 GC heap before
{Heap before GC invocations=194 (full 3):
 PSYoungGen      total 4608K, used 4035K [0x00000000d5580000, 0x00000000d5c00000, 0x0000000100000000)
  eden space 3072K, 97% used [0x00000000d5580000,0x00000000d586f190,0x00000000d5880000)
  from space 1536K, 67% used [0x00000000d5a80000,0x00000000d5b81c58,0x00000000d5c00000)
  to   space 1536K, 0% used [0x00000000d5900000,0x00000000d5900000,0x00000000d5a80000)
 ParOldGen       total 196096K, used 195891K [0x0000000080000000, 0x000000008bf80000, 0x00000000d5580000)
  object space 196096K, 99% used [0x0000000080000000,0x000000008bf4cd50,0x000000008bf80000)
 Metaspace       used 60544K, committed 61888K, reserved 1114112K
  class space    used 6563K, committed 7168K, reserved 1048576K
}
Event: 33.266 GC heap after
{Heap after GC invocations=194 (full 3):
 PSYoungGen      total 4608K, used 1246K [0x00000000d5580000, 0x00000000d5b80000, 0x0000000100000000)
  eden space 3072K, 0% used [0x00000000d5580000,0x00000000d5580000,0x00000000d5880000)
  from space 1536K, 81% used [0x00000000d5900000,0x00000000d5a379a8,0x00000000d5a80000)
  to   space 1024K, 0% used [0x00000000d5a80000,0x00000000d5a80000,0x00000000d5b80000)
 ParOldGen       total 197120K, used 196803K [0x0000000080000000, 0x000000008c080000, 0x00000000d5580000)
  object space 197120K, 99% used [0x0000000080000000,0x000000008c030cc0,0x000000008c080000)
 Metaspace       used 60544K, committed 61888K, reserved 1114112K
  class space    used 6563K, committed 7168K, reserved 1048576K
}
Event: 33.271 GC heap before
{Heap before GC invocations=195 (full 3):
 PSYoungGen      total 4608K, used 4318K [0x00000000d5580000, 0x00000000d5b80000, 0x0000000100000000)
  eden space 3072K, 100% used [0x00000000d5580000,0x00000000d5880000,0x00000000d5880000)
  from space 1536K, 81% used [0x00000000d5900000,0x00000000d5a379a8,0x00000000d5a80000)
  to   space 1024K, 0% used [0x00000000d5a80000,0x00000000d5a80000,0x00000000d5b80000)
 ParOldGen       total 197120K, used 196803K [0x0000000080000000, 0x000000008c080000, 0x00000000d5580000)
  object space 197120K, 99% used [0x0000000080000000,0x000000008c030cc0,0x000000008c080000)
 Metaspace       used 60570K, committed 61888K, reserved 1114112K
  class space    used 6564K, committed 7168K, reserved 1048576K
}
Event: 33.273 GC heap after
{Heap after GC invocations=195 (full 3):
 PSYoungGen      total 4096K, used 1016K [0x00000000d5580000, 0x00000000d5b80000, 0x0000000100000000)
  eden space 3072K, 0% used [0x00000000d5580000,0x00000000d5580000,0x00000000d5880000)
  from space 1024K, 99% used [0x00000000d5a80000,0x00000000d5b7e020,0x00000000d5b80000)
  to   space 1536K, 0% used [0x00000000d5880000,0x00000000d5880000,0x00000000d5a00000)
 ParOldGen       total 198144K, used 197799K [0x0000000080000000, 0x000000008c180000, 0x00000000d5580000)
  object space 198144K, 99% used [0x0000000080000000,0x000000008c129f18,0x000000008c180000)
 Metaspace       used 60570K, committed 61888K, reserved 1114112K
  class space    used 6564K, committed 7168K, reserved 1048576K
}
Event: 33.284 GC heap before
{Heap before GC invocations=196 (full 3):
 PSYoungGen      total 4096K, used 4082K [0x00000000d5580000, 0x00000000d5b80000, 0x0000000100000000)
  eden space 3072K, 99% used [0x00000000d5580000,0x00000000d587eae0,0x00000000d5880000)
  from space 1024K, 99% used [0x00000000d5a80000,0x00000000d5b7e020,0x00000000d5b80000)
  to   space 1536K, 0% used [0x00000000d5880000,0x00000000d5880000,0x00000000d5a00000)
 ParOldGen       total 198144K, used 197799K [0x0000000080000000, 0x000000008c180000, 0x00000000d5580000)
  object space 198144K, 99% used [0x0000000080000000,0x000000008c129f18,0x000000008c180000)
 Metaspace       used 60630K, committed 61952K, reserved 1114112K
  class space    used 6573K, committed 7168K, reserved 1048576K
}
Event: 33.285 GC heap after
{Heap after GC invocations=196 (full 3):
 PSYoungGen      total 4608K, used 672K [0x00000000d5580000, 0x00000000d5b00000, 0x0000000100000000)
  eden space 3072K, 0% used [0x00000000d5580000,0x00000000d5580000,0x00000000d5880000)
  from space 1536K, 43% used [0x00000000d5880000,0x00000000d5928000,0x00000000d5a00000)
  to   space 1024K, 0% used [0x00000000d5a00000,0x00000000d5a00000,0x00000000d5b00000)
 ParOldGen       total 199168K, used 198669K [0x0000000080000000, 0x000000008c280000, 0x00000000d5580000)
  object space 199168K, 99% used [0x0000000080000000,0x000000008c203698,0x000000008c280000)
 Metaspace       used 60630K, committed 61952K, reserved 1114112K
  class space    used 6573K, committed 7168K, reserved 1048576K
}
Event: 33.343 GC heap before
{Heap before GC invocations=197 (full 3):
 PSYoungGen      total 4608K, used 3744K [0x00000000d5580000, 0x00000000d5b00000, 0x0000000100000000)
  eden space 3072K, 100% used [0x00000000d5580000,0x00000000d5880000,0x00000000d5880000)
  from space 1536K, 43% used [0x00000000d5880000,0x00000000d5928000,0x00000000d5a00000)
  to   space 1024K, 0% used [0x00000000d5a00000,0x00000000d5a00000,0x00000000d5b00000)
 ParOldGen       total 199168K, used 198669K [0x0000000080000000, 0x000000008c280000, 0x00000000d5580000)
  object space 199168K, 99% used [0x0000000080000000,0x000000008c203698,0x000000008c280000)
 Metaspace       used 60699K, committed 62016K, reserved 1114112K
  class space    used 6578K, committed 7168K, reserved 1048576K
}
Event: 33.344 GC heap after
{Heap after GC invocations=197 (full 3):
 PSYoungGen      total 4096K, used 790K [0x00000000d5580000, 0x00000000d5b00000, 0x0000000100000000)
  eden space 3072K, 0% used [0x00000000d5580000,0x00000000d5580000,0x00000000d5880000)
  from space 1024K, 77% used [0x00000000d5a00000,0x00000000d5ac5a78,0x00000000d5b00000)
  to   space 1024K, 0% used [0x00000000d5900000,0x00000000d5900000,0x00000000d5a00000)
 ParOldGen       total 199680K, used 199271K [0x0000000080000000, 0x000000008c300000, 0x00000000d5580000)
  object space 199680K, 99% used [0x0000000080000000,0x000000008c299c28,0x000000008c300000)
 Metaspace       used 60699K, committed 62016K, reserved 1114112K
  class space    used 6578K, committed 7168K, reserved 1048576K
}
Event: 33.372 GC heap before
{Heap before GC invocations=198 (full 3):
 PSYoungGen      total 4096K, used 3862K [0x00000000d5580000, 0x00000000d5b00000, 0x0000000100000000)
  eden space 3072K, 99% used [0x00000000d5580000,0x00000000d587fff8,0x00000000d5880000)
  from space 1024K, 77% used [0x00000000d5a00000,0x00000000d5ac5a78,0x00000000d5b00000)
  to   space 1024K, 0% used [0x00000000d5900000,0x00000000d5900000,0x00000000d5a00000)
 ParOldGen       total 199680K, used 199271K [0x0000000080000000, 0x000000008c300000, 0x00000000d5580000)
  object space 199680K, 99% used [0x0000000080000000,0x000000008c299c28,0x000000008c300000)
 Metaspace       used 60707K, committed 62016K, reserved 1114112K
  class space    used 6578K, committed 7168K, reserved 1048576K
}
Event: 33.374 GC heap after
{Heap after GC invocations=198 (full 3):
 PSYoungGen      total 4096K, used 786K [0x00000000d5580000, 0x00000000d5a80000, 0x0000000100000000)
  eden space 3072K, 0% used [0x00000000d5580000,0x00000000d5580000,0x00000000d5880000)
  from space 1024K, 76% used [0x00000000d5900000,0x00000000d59c4a70,0x00000000d5a00000)
  to   space 512K, 0% used [0x00000000d5a00000,0x00000000d5a00000,0x00000000d5a80000)
 ParOldGen       total 200192K, used 199902K [0x0000000080000000, 0x000000008c380000, 0x00000000d5580000)
  object space 200192K, 99% used [0x0000000080000000,0x000000008c337838,0x000000008c380000)
 Metaspace       used 60707K, committed 62016K, reserved 1114112K
  class space    used 6578K, committed 7168K, reserved 1048576K
}

