# JRE version: OpenJDK Runtime Environment Temurin-21.0.8+9 (21.0.8+9) (build 21.0.8+9-LTS)
# Java VM: OpenJDK 64-Bit Server VM Temurin-21.0.8+9 (21.0.8+9-LTS, mixed mode, sharing, tiered, compressed oops, compressed class ptrs, parallel gc, windows-amd64)
GC Precious Log:
 CardTable entry size: 512
 CPUs: 12 total, 12 available
 Memory: 16068M
 Large Page Support: Disabled
 NUMA Support: Disabled
 Compressed Oops: Enabled (32-bit)
 Alignments: Space 512K, Generation 512K, Heap 2M
 Heap Min Capacity: 100M
 Heap Initial Capacity: 100M
 Heap Max Capacity: 2G
 Pre-touch: Disabled
 Parallel Workers: 10
Heap:
 PSYoungGen      total 13312K, used 13112K [0x00000000d5580000, 0x00000000d6500000, 0x0000000100000000)
  eden space 10752K, 100% used [0x00000000d5580000,0x00000000d6000000,0x00000000d6000000)
  from space 2560K, 92% used [0x00000000d6000000,0x00000000d624e0f8,0x00000000d6280000)
  to   space 2560K, 90% used [0x00000000d6280000,0x00000000d64c0980,0x00000000d6500000)
 ParOldGen       total 130048K, used 129580K [0x0000000080000000, 0x0000000087f00000, 0x00000000d5580000)
  object space 130048K, 99% used [0x0000000080000000,0x0000000087e8b218,0x0000000087f00000)
 Metaspace       used 52943K, committed 54272K, reserved 1114112K
  class space    used 5753K, committed 6336K, reserved 1048576K
GC Heap History (20 events):
Event: 7.592 GC heap after
{Heap after GC invocations=47 (full 2):
 PSYoungGen      total 16384K, used 4027K [0x00000000d5580000, 0x00000000d6b80000, 0x0000000100000000)
  eden space 12288K, 0% used [0x00000000d5580000,0x00000000d5580000,0x00000000d6180000)
  from space 4096K, 98% used [0x00000000d6180000,0x00000000d656ee10,0x00000000d6580000)
  to   space 5120K, 0% used [0x00000000d6680000,0x00000000d6680000,0x00000000d6b80000)
 ParOldGen       total 109568K, used 109515K [0x0000000080000000, 0x0000000086b00000, 0x00000000d5580000)
  object space 109568K, 99% used [0x0000000080000000,0x0000000086af2ef0,0x0000000086b00000)
 Metaspace       used 52003K, committed 53312K, reserved 1114112K
  class space    used 5665K, committed 6208K, reserved 1048576K
}
Event: 7.658 GC heap before
{Heap before GC invocations=48 (full 2):
 PSYoungGen      total 16384K, used 16315K [0x00000000d5580000, 0x00000000d6b80000, 0x0000000100000000)
  eden space 12288K, 100% used [0x00000000d5580000,0x00000000d6180000,0x00000000d6180000)
  from space 4096K, 98% used [0x00000000d6180000,0x00000000d656ee10,0x00000000d6580000)
  to   space 5120K, 0% used [0x00000000d6680000,0x00000000d6680000,0x00000000d6b80000)
 ParOldGen       total 109568K, used 109515K [0x0000000080000000, 0x0000000086b00000, 0x00000000d5580000)
  object space 109568K, 99% used [0x0000000080000000,0x0000000086af2ef0,0x0000000086b00000)
 Metaspace       used 52136K, committed 53440K, reserved 1114112K
  class space    used 5673K, committed 6208K, reserved 1048576K
}
Event: 7.663 GC heap after
{Heap after GC invocations=48 (full 2):
 PSYoungGen      total 15360K, used 2711K [0x00000000d5580000, 0x00000000d6980000, 0x0000000100000000)
  eden space 12288K, 0% used [0x00000000d5580000,0x00000000d5580000,0x00000000d6180000)
  from space 3072K, 88% used [0x00000000d6680000,0x00000000d6925ee0,0x00000000d6980000)
  to   space 3584K, 0% used [0x00000000d6280000,0x00000000d6280000,0x00000000d6600000)
 ParOldGen       total 113664K, used 113183K [0x0000000080000000, 0x0000000086f00000, 0x00000000d5580000)
  object space 113664K, 99% used [0x0000000080000000,0x0000000086e87c28,0x0000000086f00000)
 Metaspace       used 52136K, committed 53440K, reserved 1114112K
  class space    used 5673K, committed 6208K, reserved 1048576K
}
Event: 7.709 GC heap before
{Heap before GC invocations=49 (full 2):
 PSYoungGen      total 15360K, used 14999K [0x00000000d5580000, 0x00000000d6980000, 0x0000000100000000)
  eden space 12288K, 100% used [0x00000000d5580000,0x00000000d6180000,0x00000000d6180000)
  from space 3072K, 88% used [0x00000000d6680000,0x00000000d6925ee0,0x00000000d6980000)
  to   space 3584K, 0% used [0x00000000d6280000,0x00000000d6280000,0x00000000d6600000)
 ParOldGen       total 113664K, used 113183K [0x0000000080000000, 0x0000000086f00000, 0x00000000d5580000)
  object space 113664K, 99% used [0x0000000080000000,0x0000000086e87c28,0x0000000086f00000)
 Metaspace       used 52299K, committed 53632K, reserved 1114112K
  class space    used 5682K, committed 6272K, reserved 1048576K
}
Event: 7.712 GC heap after
{Heap after GC invocations=49 (full 2):
 PSYoungGen      total 14848K, used 2535K [0x00000000d5580000, 0x00000000d6780000, 0x0000000100000000)
  eden space 12288K, 0% used [0x00000000d5580000,0x00000000d5580000,0x00000000d6180000)
  from space 2560K, 99% used [0x00000000d6280000,0x00000000d64f9df8,0x00000000d6500000)
  to   space 2560K, 0% used [0x00000000d6500000,0x00000000d6500000,0x00000000d6780000)
 ParOldGen       total 116224K, used 115740K [0x0000000080000000, 0x0000000087180000, 0x00000000d5580000)
  object space 116224K, 99% used [0x0000000080000000,0x00000000871071b8,0x0000000087180000)
 Metaspace       used 52299K, committed 53632K, reserved 1114112K
  class space    used 5682K, committed 6272K, reserved 1048576K
}
Event: 7.753 GC heap before
{Heap before GC invocations=50 (full 2):
 PSYoungGen      total 14848K, used 14823K [0x00000000d5580000, 0x00000000d6780000, 0x0000000100000000)
  eden space 12288K, 100% used [0x00000000d5580000,0x00000000d6180000,0x00000000d6180000)
  from space 2560K, 99% used [0x00000000d6280000,0x00000000d64f9df8,0x00000000d6500000)
  to   space 2560K, 0% used [0x00000000d6500000,0x00000000d6500000,0x00000000d6780000)
 ParOldGen       total 116224K, used 115740K [0x0000000080000000, 0x0000000087180000, 0x00000000d5580000)
  object space 116224K, 99% used [0x0000000080000000,0x00000000871071b8,0x0000000087180000)
 Metaspace       used 52391K, committed 53696K, reserved 1114112K
  class space    used 5696K, committed 6272K, reserved 1048576K
}
Event: 7.755 GC heap after
{Heap after GC invocations=50 (full 2):
 PSYoungGen      total 14848K, used 2468K [0x00000000d5580000, 0x00000000d6780000, 0x0000000100000000)
  eden space 12288K, 0% used [0x00000000d5580000,0x00000000d5580000,0x00000000d6180000)
  from space 2560K, 96% used [0x00000000d6500000,0x00000000d6769190,0x00000000d6780000)
  to   space 2560K, 0% used [0x00000000d6280000,0x00000000d6280000,0x00000000d6500000)
 ParOldGen       total 118272K, used 118020K [0x0000000080000000, 0x0000000087380000, 0x00000000d5580000)
  object space 118272K, 99% used [0x0000000080000000,0x00000000873411f8,0x0000000087380000)
 Metaspace       used 52391K, committed 53696K, reserved 1114112K
  class space    used 5696K, committed 6272K, reserved 1048576K
}
Event: 7.807 GC heap before
{Heap before GC invocations=51 (full 2):
 PSYoungGen      total 14848K, used 14756K [0x00000000d5580000, 0x00000000d6780000, 0x0000000100000000)
  eden space 12288K, 100% used [0x00000000d5580000,0x00000000d6180000,0x00000000d6180000)
  from space 2560K, 96% used [0x00000000d6500000,0x00000000d6769190,0x00000000d6780000)
  to   space 2560K, 0% used [0x00000000d6280000,0x00000000d6280000,0x00000000d6500000)
 ParOldGen       total 118272K, used 118020K [0x0000000080000000, 0x0000000087380000, 0x00000000d5580000)
  object space 118272K, 99% used [0x0000000080000000,0x00000000873411f8,0x0000000087380000)
 Metaspace       used 52464K, committed 53760K, reserved 1114112K
  class space    used 5710K, committed 6272K, reserved 1048576K
}
Event: 7.810 GC heap after
{Heap after GC invocations=51 (full 2):
 PSYoungGen      total 14848K, used 2382K [0x00000000d5580000, 0x00000000d6680000, 0x0000000100000000)
  eden space 12288K, 0% used [0x00000000d5580000,0x00000000d5580000,0x00000000d6180000)
  from space 2560K, 93% used [0x00000000d6280000,0x00000000d64d3850,0x00000000d6500000)
  to   space 1536K, 0% used [0x00000000d6500000,0x00000000d6500000,0x00000000d6680000)
 ParOldGen       total 120832K, used 120339K [0x0000000080000000, 0x0000000087600000, 0x00000000d5580000)
  object space 120832K, 99% used [0x0000000080000000,0x0000000087584ea0,0x0000000087600000)
 Metaspace       used 52464K, committed 53760K, reserved 1114112K
  class space    used 5710K, committed 6272K, reserved 1048576K
}
Event: 7.846 GC heap before
{Heap before GC invocations=52 (full 2):
 PSYoungGen      total 14848K, used 14670K [0x00000000d5580000, 0x00000000d6680000, 0x0000000100000000)
  eden space 12288K, 100% used [0x00000000d5580000,0x00000000d6180000,0x00000000d6180000)
  from space 2560K, 93% used [0x00000000d6280000,0x00000000d64d3850,0x00000000d6500000)
  to   space 1536K, 0% used [0x00000000d6500000,0x00000000d6500000,0x00000000d6680000)
 ParOldGen       total 120832K, used 120339K [0x0000000080000000, 0x0000000087600000, 0x00000000d5580000)
  object space 120832K, 99% used [0x0000000080000000,0x0000000087584ea0,0x0000000087600000)
 Metaspace       used 52587K, committed 53888K, reserved 1114112K
  class space    used 5720K, committed 6272K, reserved 1048576K
}
Event: 7.849 GC heap after
{Heap after GC invocations=52 (full 2):
 PSYoungGen      total 12288K, used 1510K [0x00000000d5580000, 0x00000000d6b80000, 0x0000000100000000)
  eden space 10752K, 0% used [0x00000000d5580000,0x00000000d5580000,0x00000000d6000000)
  from space 1536K, 98% used [0x00000000d6500000,0x00000000d66798e0,0x00000000d6680000)
  to   space 5120K, 0% used [0x00000000d6000000,0x00000000d6000000,0x00000000d6500000)
 ParOldGen       total 123392K, used 123230K [0x0000000080000000, 0x0000000087880000, 0x00000000d5580000)
  object space 123392K, 99% used [0x0000000080000000,0x0000000087857ac0,0x0000000087880000)
 Metaspace       used 52587K, committed 53888K, reserved 1114112K
  class space    used 5720K, committed 6272K, reserved 1048576K
}
Event: 7.886 GC heap before
{Heap before GC invocations=53 (full 2):
 PSYoungGen      total 12288K, used 12262K [0x00000000d5580000, 0x00000000d6b80000, 0x0000000100000000)
  eden space 10752K, 100% used [0x00000000d5580000,0x00000000d6000000,0x00000000d6000000)
  from space 1536K, 98% used [0x00000000d6500000,0x00000000d66798e0,0x00000000d6680000)
  to   space 5120K, 0% used [0x00000000d6000000,0x00000000d6000000,0x00000000d6500000)
 ParOldGen       total 123392K, used 123230K [0x0000000080000000, 0x0000000087880000, 0x00000000d5580000)
  object space 123392K, 99% used [0x0000000080000000,0x0000000087857ac0,0x0000000087880000)
 Metaspace       used 52733K, committed 54016K, reserved 1114112K
  class space    used 5732K, committed 6272K, reserved 1048576K
}
Event: 7.888 GC heap after
{Heap after GC invocations=53 (full 2):
 PSYoungGen      total 13312K, used 2460K [0x00000000d5580000, 0x00000000d6700000, 0x0000000100000000)
  eden space 10752K, 0% used [0x00000000d5580000,0x00000000d5580000,0x00000000d6000000)
  from space 2560K, 96% used [0x00000000d6000000,0x00000000d62673b8,0x00000000d6280000)
  to   space 3584K, 0% used [0x00000000d6380000,0x00000000d6380000,0x00000000d6700000)
 ParOldGen       total 124928K, used 124749K [0x0000000080000000, 0x0000000087a00000, 0x00000000d5580000)
  object space 124928K, 99% used [0x0000000080000000,0x00000000879d37e8,0x0000000087a00000)
 Metaspace       used 52733K, committed 54016K, reserved 1114112K
  class space    used 5732K, committed 6272K, reserved 1048576K
}
Event: 7.916 GC heap before
{Heap before GC invocations=54 (full 2):
 PSYoungGen      total 13312K, used 13212K [0x00000000d5580000, 0x00000000d6700000, 0x0000000100000000)
  eden space 10752K, 100% used [0x00000000d5580000,0x00000000d6000000,0x00000000d6000000)
  from space 2560K, 96% used [0x00000000d6000000,0x00000000d62673b8,0x00000000d6280000)
  to   space 3584K, 0% used [0x00000000d6380000,0x00000000d6380000,0x00000000d6700000)
 ParOldGen       total 124928K, used 124749K [0x0000000080000000, 0x0000000087a00000, 0x00000000d5580000)
  object space 124928K, 99% used [0x0000000080000000,0x00000000879d37e8,0x0000000087a00000)
 Metaspace       used 52781K, committed 54016K, reserved 1114112K
  class space    used 5740K, committed 6272K, reserved 1048576K
}
Event: 7.918 GC heap after
{Heap after GC invocations=54 (full 2):
 PSYoungGen      total 13312K, used 2424K [0x00000000d5580000, 0x00000000d6600000, 0x0000000100000000)
  eden space 10752K, 0% used [0x00000000d5580000,0x00000000d5580000,0x00000000d6000000)
  from space 2560K, 94% used [0x00000000d6380000,0x00000000d65de118,0x00000000d6600000)
  to   space 2560K, 0% used [0x00000000d6000000,0x00000000d6000000,0x00000000d6280000)
 ParOldGen       total 126976K, used 126909K [0x0000000080000000, 0x0000000087c00000, 0x00000000d5580000)
  object space 126976K, 99% used [0x0000000080000000,0x0000000087bef550,0x0000000087c00000)
 Metaspace       used 52781K, committed 54016K, reserved 1114112K
  class space    used 5740K, committed 6272K, reserved 1048576K
}
Event: 7.949 GC heap before
{Heap before GC invocations=55 (full 2):
 PSYoungGen      total 13312K, used 13176K [0x00000000d5580000, 0x00000000d6600000, 0x0000000100000000)
  eden space 10752K, 100% used [0x00000000d5580000,0x00000000d6000000,0x00000000d6000000)
  from space 2560K, 94% used [0x00000000d6380000,0x00000000d65de118,0x00000000d6600000)
  to   space 2560K, 0% used [0x00000000d6000000,0x00000000d6000000,0x00000000d6280000)
 ParOldGen       total 126976K, used 126909K [0x0000000080000000, 0x0000000087c00000, 0x00000000d5580000)
  object space 126976K, 99% used [0x0000000080000000,0x0000000087bef550,0x0000000087c00000)
 Metaspace       used 52819K, committed 54080K, reserved 1114112K
  class space    used 5747K, committed 6272K, reserved 1048576K
}
Event: 7.951 GC heap after
{Heap after GC invocations=55 (full 2):
 PSYoungGen      total 13312K, used 2360K [0x00000000d5580000, 0x00000000d6500000, 0x0000000100000000)
  eden space 10752K, 0% used [0x00000000d5580000,0x00000000d5580000,0x00000000d6000000)
  from space 2560K, 92% used [0x00000000d6000000,0x00000000d624e0f8,0x00000000d6280000)
  to   space 2560K, 0% used [0x00000000d6280000,0x00000000d6280000,0x00000000d6500000)
 ParOldGen       total 129536K, used 129173K [0x0000000080000000, 0x0000000087e80000, 0x00000000d5580000)
  object space 129536K, 99% used [0x0000000080000000,0x0000000087e255b0,0x0000000087e80000)
 Metaspace       used 52819K, committed 54080K, reserved 1114112K
  class space    used 5747K, committed 6272K, reserved 1048576K
}
Event: 7.991 GC heap before
{Heap before GC invocations=56 (full 2):
 PSYoungGen      total 13312K, used 13112K [0x00000000d5580000, 0x00000000d6500000, 0x0000000100000000)
  eden space 10752K, 100% used [0x00000000d5580000,0x00000000d6000000,0x00000000d6000000)
  from space 2560K, 92% used [0x00000000d6000000,0x00000000d624e0f8,0x00000000d6280000)
  to   space 2560K, 0% used [0x00000000d6280000,0x00000000d6280000,0x00000000d6500000)
 ParOldGen       total 129536K, used 129173K [0x0000000080000000, 0x0000000087e80000, 0x00000000d5580000)
  object space 129536K, 99% used [0x0000000080000000,0x0000000087e255b0,0x0000000087e80000)
 Metaspace       used 52943K, committed 54272K, reserved 1114112K
  class space    used 5753K, committed 6336K, reserved 1048576K
}
Event: 7.995 GC heap after
{Heap after GC invocations=56 (full 2):
 PSYoungGen      total 13312K, used 13112K [0x00000000d5580000, 0x00000000d6500000, 0x0000000100000000)
  eden space 10752K, 100% used [0x00000000d5580000,0x00000000d6000000,0x00000000d6000000)
  from space 2560K, 92% used [0x00000000d6000000,0x00000000d624e0f8,0x00000000d6280000)
  to   space 2560K, 90% used [0x00000000d6280000,0x00000000d64c0980,0x00000000d6500000)
 ParOldGen       total 130048K, used 129580K [0x0000000080000000, 0x0000000087f00000, 0x00000000d5580000)
  object space 130048K, 99% used [0x0000000080000000,0x0000000087e8b218,0x0000000087f00000)
 Metaspace       used 52943K, committed 54272K, reserved 1114112K
  class space    used 5753K, committed 6336K, reserved 1048576K
}
Event: 7.995 GC heap before
{Heap before GC invocations=57 (full 3):
 PSYoungGen      total 13312K, used 13112K [0x00000000d5580000, 0x00000000d6500000, 0x0000000100000000)
  eden space 10752K, 100% used [0x00000000d5580000,0x00000000d6000000,0x00000000d6000000)
  from space 2560K, 92% used [0x00000000d6000000,0x00000000d624e0f8,0x00000000d6280000)
  to   space 2560K, 90% used [0x00000000d6280000,0x00000000d64c0980,0x00000000d6500000)
 ParOldGen       total 130048K, used 129580K [0x0000000080000000, 0x0000000087f00000, 0x00000000d5580000)
  object space 130048K, 99% used [0x0000000080000000,0x0000000087e8b218,0x0000000087f00000)
 Metaspace       used 52943K, committed 54272K, reserved 1114112K
  class space    used 5753K, committed 6336K, reserved 1048576K
}

